<?xml version="1.0" encoding="UTF-8"?>
<!-- Generated by org.testng.reporters.JUnitReportReporter -->
<testsuite hostname="Prasad" failures="0" tests="1" name="testcases.OpenAccountTest" time="1.354" errors="0" timestamp="2024-02-03T18:02:10 IST" skipped="0">
  <testcase classname="testcases.OpenAccountTest" name="openAccountTest" time="1.354"/>
  <system-out/>
</testsuite> <!-- testcases.OpenAccountTest -->
