<?xml version="1.0" encoding="UTF-8"?>
<!-- Generated by org.testng.reporters.JUnitReportReporter -->
<testsuite hostname="Prasad" failures="0" tests="4" name="testcases.AddCustomerTest" time="15.767" errors="0" timestamp="2024-02-03T18:02:10 IST" skipped="0">
  <testcase classname="testcases.AddCustomerTest" name="addCustomerTest" time="3.650"/>
  <system-out/>
  <testcase classname="testcases.AddCustomerTest" name="addCustomerTest" time="3.805"/>
  <system-out/>
  <testcase classname="testcases.AddCustomerTest" name="addCustomerTest" time="4.778"/>
  <system-out/>
  <testcase classname="testcases.AddCustomerTest" name="addCustomerTest" time="3.534"/>
  <system-out/>
</testsuite> <!-- testcases.AddCustomerTest -->
