<?xml version="1.0" encoding="UTF-8"?>
<!-- Generated by org.testng.reporters.JUnitReportReporter -->
<testsuite hostname="Prasad" failures="0" tests="4" name="testcases.AddCustomerTest" time="16.441" errors="0" timestamp="2024-02-08T16:14:30 IST" skipped="0">
  <testcase classname="testcases.AddCustomerTest" name="addCustomerTest" time="3.579"/>
  <testcase classname="testcases.AddCustomerTest" name="addCustomerTest" time="5.824"/>
  <testcase classname="testcases.AddCustomerTest" name="addCustomerTest" time="3.529"/>
  <testcase classname="testcases.AddCustomerTest" name="addCustomerTest" time="3.509"/>
</testsuite> <!-- testcases.AddCustomerTest -->
