<?xml version="1.0" encoding="UTF-8"?>
<!-- Generated by org.testng.reporters.JUnitReportReporter -->
<testsuite hostname="Prasad" failures="0" tests="1" name="testcases.BankManagerLoginTest" time="0.472" errors="0" timestamp="2024-02-08T16:14:30 IST" skipped="0">
  <testcase classname="testcases.BankManagerLoginTest" name="bankManagerLoginTest" time="0.472"/>
</testsuite> <!-- testcases.BankManagerLoginTest -->
